<?xml version="1.0" encoding="UTF-8"?>
<robot generator="Robot 7.2.2 (Python 3.13.2 on win32)" generated="2025-03-04T16:50:05.709572" rpa="false" schemaversion="5">
<suite id="s1" name="Search" source="C:\Users\USER\Desktop\RobotFramework_Testing\MobileAutomationTest10\SB-64-MOBILE\suites\search.robot">
<test id="s1-t1" name="User Should Be Found The Flight Number With Valid The Flight Number" line="11">
<kw name="Run Keywords" owner="BuiltIn" type="SETUP">
<kw name="Open Flight Application" owner="base2">
<kw name="Open Application" owner="AppiumLibrary">
<arg>remote_url=${REMOTE_URL}</arg>
<arg>platformName=${PLATFORM_NAME}</arg>
<arg>platformVersion=${PLATFORM_VERSION}</arg>
<arg>deviceName=${DEVICE_NAME}</arg>
<arg>appPackage=${APP_PACKAGE}</arg>
<arg>appActivity=${APP_ACTIVITY}</arg>
<arg>automationName=${AUTOMATION_NAME}</arg>
<doc>Opens a new application to given Appium server.
Capabilities of appium server, Android and iOS,
Please check https://appium.io/docs/en/2.1/cli/args/
| *Option*            | *Man.* | *Description*     |
| remote_url          | Yes    | Appium server url |
| alias               | no     | alias             |
| strict_ssl          | No     | allows you to send commands to an invalid certificate host like a self-signed one. |</doc>
<status status="PASS" start="2025-03-04T16:50:05.966911" elapsed="6.202213"/>
</kw>
<status status="PASS" start="2025-03-04T16:50:05.966701" elapsed="6.202546"/>
</kw>
<kw name="Login" owner="loginPage">
<kw name="Verify Sign In Screen Appears" owner="loginPage">
<kw name="Wait Until Element Is Visible" owner="AppiumLibrary">
<msg time="2025-03-04T16:50:12.170291" level="FAIL">Variable '${username_input}' not found.</msg>
<arg>locator=${username_input}</arg>
<doc>Waits until element specified with `locator` is visible.</doc>
<status status="FAIL" start="2025-03-04T16:50:12.169832" elapsed="0.000499">Variable '${username_input}' not found.</status>
</kw>
<status status="FAIL" start="2025-03-04T16:50:12.169666" elapsed="0.000767">Variable '${username_input}' not found.</status>
</kw>
<kw name="Input Username" owner="loginPage">
<arg>${username}</arg>
<status status="NOT RUN" start="2025-03-04T16:50:12.170532" elapsed="0.000019"/>
</kw>
<kw name="Input Password" owner="loginPage">
<status status="NOT RUN" start="2025-03-04T16:50:12.170642" elapsed="0.000019"/>
</kw>
<kw name="Click Sign In Button on Sign In Screen" owner="loginPage">
<status status="NOT RUN" start="2025-03-04T16:50:12.170742" elapsed="0.000017"/>
</kw>
<status status="FAIL" start="2025-03-04T16:50:12.169412" elapsed="0.001408">Variable '${username_input}' not found.</status>
</kw>
<arg>Open Flight Application</arg>
<arg>AND</arg>
<arg>Login</arg>
<doc>Executes all the given keywords in a sequence.</doc>
<status status="FAIL" start="2025-03-04T16:50:05.966479" elapsed="6.204391">Variable '${username_input}' not found.</status>
</kw>
<kw name="Close Flight Application" owner="base2" type="TEARDOWN">
<kw name="Close Application" owner="AppiumLibrary">
<doc>Closes the current application and also close webdriver session.</doc>
<status status="PASS" start="2025-03-04T16:50:12.171409" elapsed="0.396166"/>
</kw>
<status status="PASS" start="2025-03-04T16:50:12.171227" elapsed="0.396429"/>
</kw>
<status status="FAIL" start="2025-03-04T16:50:05.965666" elapsed="6.602120">Setup failed:
Variable '${username_input}' not found.</status>
</test>
<status status="FAIL" start="2025-03-04T16:50:05.711157" elapsed="6.857592"/>
</suite>
<statistics>
<total>
<stat pass="0" fail="1" skip="0">All Tests</stat>
</total>
<tag>
</tag>
<suite>
<stat name="Search" id="s1" pass="0" fail="1" skip="0">Search</stat>
</suite>
</statistics>
<errors>
<msg time="2025-03-04T16:50:05.961494" level="ERROR">Error in file 'C:\Users\USER\Desktop\RobotFramework_Testing\MobileAutomationTest10\SB-64-MOBILE\pageObjects\searchPage\searchPage.robot' on line 4: Processing variable file 'C:\Users\USER\Desktop\RobotFramework_Testing\MobileAutomationTest10\SB-64-MOBILE\pageObjects\loginPage\login-page-locators.yaml' failed: Using YAML variable files requires PyYAML module to be installed. Typically you can install it by running `pip install pyyaml`.</msg>
</errors>
</robot>
